<?xml version="1.0" encoding="UTF-8"?>
<testng-results ignored="0" total="1" passed="1" failed="0" skipped="0">
  <reporter-output>
  </reporter-output>
  <suite started-at="2023-11-29T17:00:33 IST" name="Default suite" finished-at="2023-11-29T17:00:54 IST" duration-ms="20781">
    <groups>
    </groups>
    <test started-at="2023-11-29T17:00:33 IST" name="Default test" finished-at="2023-11-29T17:00:54 IST" duration-ms="20781">
      <class name="test.GetPageTitleTest">
        <test-method signature="test()[pri:0, instance:test.GetPageTitleTest@77847718]" started-at="2023-11-29T17:00:34 IST" name="test" finished-at="2023-11-29T17:00:54 IST" duration-ms="20703" status="PASS">
          <reporter-output>
          </reporter-output>
        </test-method> <!-- test -->
      </class> <!-- test.GetPageTitleTest -->
    </test> <!-- Default test -->
  </suite> <!-- Default suite -->
</testng-results>
